#-----------------------------------------------------------
# Vivado v2019.2 (64-bit)
# SW Build 2708876 on Wed Nov  6 21:40:23 MST 2019
# IP Build 2700528 on Thu Nov  7 00:09:20 MST 2019
# Start of session at: Wed Jan 13 10:44:04 2021
# Process ID: 20368
# Current directory: C:/Users/harshith/Desktop/PE_8/myrvcore
# Command line: vivado.exe -gui_launcher_event rodinguilauncherevent20192 C:\Users\harshith\Desktop\PE_8\myrvcore\myrvcore.xpr
# Log file: C:/Users/harshith/Desktop/PE_8/myrvcore/vivado.log
# Journal file: C:/Users/harshith/Desktop/PE_8/myrvcore\vivado.jou
#-----------------------------------------------------------
start_gui
open_project C:/Users/harshith/Desktop/PE_8/myrvcore/myrvcore.xpr
INFO: [Project 1-313] Project file moved from 'C:/Users/harshith/Desktop/New folder/myrvcore' since last save.
Scanning sources...
Finished scanning sources
INFO: [IP_Flow 19-234] Refreshing IP repositories
INFO: [IP_Flow 19-1704] No user IP repositories specified
INFO: [IP_Flow 19-2313] Loaded Vivado IP repository 'C:/Xilinx/Vivado/2019.2/data/ip'.
open_project: Time (s): cpu = 00:00:22 ; elapsed = 00:00:16 . Memory (MB): peak = 1116.164 ; gain = 429.121
file mkdir C:/Users/harshith/Desktop/PE_8/myrvcore/myrvcore.srcs/sources_1/new
close [ open C:/Users/harshith/Desktop/PE_8/myrvcore/myrvcore.srcs/sources_1/new/mem.v w ]
add_files C:/Users/harshith/Desktop/PE_8/myrvcore/myrvcore.srcs/sources_1/new/mem.v
close [ open C:/Users/harshith/Desktop/PE_8/myrvcore/myrvcore.srcs/sources_1/new/exec.v w ]
add_files C:/Users/harshith/Desktop/PE_8/myrvcore/myrvcore.srcs/sources_1/new/exec.v
close [ open C:/Users/harshith/Desktop/PE_8/myrvcore/myrvcore.srcs/sources_1/new/id.v w ]
add_files C:/Users/harshith/Desktop/PE_8/myrvcore/myrvcore.srcs/sources_1/new/id.v
close [ open C:/Users/harshith/Desktop/PE_8/myrvcore/myrvcore.srcs/sources_1/new/if.v w ]
add_files C:/Users/harshith/Desktop/PE_8/myrvcore/myrvcore.srcs/sources_1/new/if.v
close [ open C:/Users/harshith/Desktop/PE_8/myrvcore/myrvcore.srcs/sources_1/new/wb.v w ]
add_files C:/Users/harshith/Desktop/PE_8/myrvcore/myrvcore.srcs/sources_1/new/wb.v
close [ open C:/Users/harshith/Desktop/PE_8/myrvcore/myrvcore.srcs/sources_1/new/main_core.v w ]
add_files C:/Users/harshith/Desktop/PE_8/myrvcore/myrvcore.srcs/sources_1/new/main_core.v
update_compile_order -fileset sources_1
update_compile_order -fileset sources_1
update_compile_order -fileset sources_1
update_compile_order -fileset sources_1
update_compile_order -fileset sources_1
update_compile_order -fileset sources_1
update_compile_order -fileset sources_1
update_compile_order -fileset sources_1
update_compile_order -fileset sources_1
update_compile_order -fileset sources_1
